  Building Custom Rule C:/Users/User/Documents/Universidad/Tercero Carrera/3.2. Realidad Virtual/Practica 2/opencv-4.5.0/modules/core/CMakeLists.txt
  opencv_perf_core_pch.cpp
  perf_gpumat.cpp
  perf_bufferpool.cpp
  perf_channels.cpp
  perf_dxt.cpp
  perf_gemm.cpp
  perf_matop.cpp
  perf_usage_flags.cpp
  perf_abs.cpp
  perf_addWeighted.cpp
  perf_bitwise.cpp
  perf_compare.cpp
  perf_convertTo.cpp
  perf_cvround.cpp
  perf_dft.cpp
  perf_dot.cpp
  perf_inRange.cpp
  perf_io_base64.cpp
  perf_lut.cpp
  perf_main.cpp
  perf_mat.cpp
  perf_math.cpp
  perf_merge.cpp
  perf_minmaxloc.cpp
  perf_norm.cpp
  perf_reduce.cpp
  perf_sort.cpp
  perf_split.cpp
  perf_stat.cpp
  perf_umat.cpp
  perf_arithm.cpp
  perf_arithm.cpp
  opencv_perf_core.vcxproj -> C:\Users\User\Documents\Universidad\Tercero Carrera\3.2. Realidad Virtual\Practica 2\opencv-4.5.0\build\bin\Release\opencv_perf_core.exe
