  Building Custom Rule C:/Users/User/Documents/Universidad/Tercero Carrera/3.2. Realidad Virtual/Practica 2/aruco-3.1.12/utils_dcf/CMakeLists.txt
  aruco_dcf_markermap.cpp
C:\Users\User\Documents\Universidad\Tercero Carrera\3.2. Realidad Virtual\Practica 2\aruco-3.1.12\src\fractallabelers\fractalmarker.h(38,32): warning C4267: 'return': conversión de 'size_t' a 'int'; posible pérdida de datos
C:\Users\User\Documents\Universidad\Tercero Carrera\3.2. Realidad Virtual\Practica 2\aruco-3.1.12\src\fractallabelers/fractallabeler.h(41,76): warning C4244: 'return': conversión de 'double' a 'int'; posible pérdida de datos
C:\Users\User\Documents\Universidad\Tercero Carrera\3.2. Realidad Virtual\Practica 2\aruco-3.1.12\utils_dcf\sgl.h(168,41): warning C4244: '=': conversión de 'double' a 'float'; posible pérdida de datos
C:\Users\User\Documents\Universidad\Tercero Carrera\3.2. Realidad Virtual\Practica 2\aruco-3.1.12\utils_dcf\sgl.h(169,42): warning C4244: '=': conversión de 'double' a 'float'; posible pérdida de datos
C:\Users\User\Documents\Universidad\Tercero Carrera\3.2. Realidad Virtual\Practica 2\aruco-3.1.12\utils_dcf\sgl.h(224,27): warning C4244: 'inicializando': conversión de 'double' a 'float'; posible pérdida de datos
C:\Users\User\Documents\Universidad\Tercero Carrera\3.2. Realidad Virtual\Practica 2\aruco-3.1.12\utils_dcf\sgl.h(240,27): warning C4244: 'inicializando': conversión de 'double' a 'float'; posible pérdida de datos
C:\Users\User\Documents\Universidad\Tercero Carrera\3.2. Realidad Virtual\Practica 2\aruco-3.1.12\utils_dcf\sgl.h(295,19): warning C4244: 'inicializando': conversión de 'double' a 'float'; posible pérdida de datos
C:\Users\User\Documents\Universidad\Tercero Carrera\3.2. Realidad Virtual\Practica 2\aruco-3.1.12\utils_dcf\sgl.h(296,26): warning C4244: '=': conversión de 'double' a 'float'; posible pérdida de datos
C:\Users\User\Documents\Universidad\Tercero Carrera\3.2. Realidad Virtual\Practica 2\aruco-3.1.12\utils_dcf\sgl.h(296,49): warning C4244: '=': conversión de 'double' a 'float'; posible pérdida de datos
C:\Users\User\Documents\Universidad\Tercero Carrera\3.2. Realidad Virtual\Practica 2\aruco-3.1.12\utils_dcf\sgl.h(315,15): warning C4244: 'inicializando': conversión de 'float' a 'int'; posible pérdida de datos
C:\Users\User\Documents\Universidad\Tercero Carrera\3.2. Realidad Virtual\Practica 2\aruco-3.1.12\utils_dcf\sgl.h(315,26): warning C4244: 'inicializando': conversión de 'float' a 'int'; posible pérdida de datos
C:\Users\User\Documents\Universidad\Tercero Carrera\3.2. Realidad Virtual\Practica 2\aruco-3.1.12\utils_dcf\sgl.h(315,37): warning C4244: 'inicializando': conversión de 'float' a 'int'; posible pérdida de datos
C:\Users\User\Documents\Universidad\Tercero Carrera\3.2. Realidad Virtual\Practica 2\aruco-3.1.12\utils_dcf\sgl.h(315,46): warning C4244: 'inicializando': conversión de 'float' a 'int'; posible pérdida de datos
C:\Users\User\Documents\Universidad\Tercero Carrera\3.2. Realidad Virtual\Practica 2\aruco-3.1.12\utils_dcf\sglviewer.h(50,24): warning C4305: 'inicializando': truncamiento de 'double' a 'float'
C:\Users\User\Documents\Universidad\Tercero Carrera\3.2. Realidad Virtual\Practica 2\aruco-3.1.12\utils_dcf\sglviewer.h(55,23): warning C4305: 'inicializando': truncamiento de 'double' a 'float'
C:\Users\User\Documents\Universidad\Tercero Carrera\3.2. Realidad Virtual\Practica 2\aruco-3.1.12\utils_dcf\sglviewer.h(82,27): warning C4305: 'argumento': truncamiento de 'double' a 'float'
C:\Users\User\Documents\Universidad\Tercero Carrera\3.2. Realidad Virtual\Practica 2\aruco-3.1.12\utils_dcf\sglviewer.h(131,39): warning C4305: 'argumento': truncamiento de 'double' a 'float'
C:\Users\User\Documents\Universidad\Tercero Carrera\3.2. Realidad Virtual\Practica 2\aruco-3.1.12\utils_dcf\sglviewer.h(208,34): warning C4244: 'argumento': conversión de 'int' a 'float'; posible pérdida de datos
C:\Users\User\Documents\Universidad\Tercero Carrera\3.2. Realidad Virtual\Practica 2\aruco-3.1.12\utils_dcf\sglviewer.h(208,32): warning C4244: 'argumento': conversión de 'int' a 'float'; posible pérdida de datos
C:\Users\User\Documents\Universidad\Tercero Carrera\3.2. Realidad Virtual\Practica 2\aruco-3.1.12\utils_dcf\sglviewer.h(284,47): warning C4244: 'argumento': conversión de 'float' a '_Tp'; posible pérdida de datos
          with
          [
              _Tp=int
          ]
C:\Users\User\Documents\Universidad\Tercero Carrera\3.2. Realidad Virtual\Practica 2\aruco-3.1.12\utils_dcf\sglviewer.h(284,32): warning C4244: 'argumento': conversión de 'float' a '_Tp'; posible pérdida de datos
          with
          [
              _Tp=int
          ]
C:\Users\User\Documents\Universidad\Tercero Carrera\3.2. Realidad Virtual\Practica 2\aruco-3.1.12\utils_dcf\sglviewer.h(322,43): warning C4244: 'argumento': conversión de 'float' a '_Tp'; posible pérdida de datos
          with
          [
              _Tp=int
          ]
C:\Users\User\Documents\Universidad\Tercero Carrera\3.2. Realidad Virtual\Practica 2\aruco-3.1.12\utils_dcf\sglviewer.h(322,28): warning C4244: 'argumento': conversión de 'float' a '_Tp'; posible pérdida de datos
          with
          [
              _Tp=int
          ]
C:\Users\User\Documents\Universidad\Tercero Carrera\3.2. Realidad Virtual\Practica 2\aruco-3.1.12\utils_dcf\sglviewer.h(384,19): warning C4244: 'inicializando': conversión de 'float' a 'int'; posible pérdida de datos
C:\Users\User\Documents\Universidad\Tercero Carrera\3.2. Realidad Virtual\Practica 2\aruco-3.1.12\utils_dcf\sglviewer.h(429,27): warning C4267: 'argumento': conversión de 'size_t' a 'int'; posible pérdida de datos
C:\Users\User\Documents\Universidad\Tercero Carrera\3.2. Realidad Virtual\Practica 2\aruco-3.1.12\utils_dcf\sglviewer.h(430,27): warning C4267: 'argumento': conversión de 'size_t' a 'int'; posible pérdida de datos
C:\Users\User\Documents\Universidad\Tercero Carrera\3.2. Realidad Virtual\Practica 2\aruco-3.1.12\src\dcf/dcfmarkermaptracker.h(31,19): warning C4305: 'inicializando': truncamiento de 'double' a 'float'
C:\Users\User\Documents\Universidad\Tercero Carrera\3.2. Realidad Virtual\Practica 2\aruco-3.1.12\utils_dcf\aruco_dcf_markermap.cpp(119,35): warning C4244: '=': conversión de 'double' a 'float'; posible pérdida de datos
C:\Users\User\Documents\Universidad\Tercero Carrera\3.2. Realidad Virtual\Practica 2\aruco-3.1.12\utils_dcf\aruco_dcf_markermap.cpp(134,23): warning C4244: 'inicializando': conversión de 'double' a 'int'; posible pérdida de datos
C:\Users\User\Documents\Universidad\Tercero Carrera\3.2. Realidad Virtual\Practica 2\aruco-3.1.12\utils_dcf\aruco_dcf_markermap.cpp(87,17): warning C4996: 'sscanf': This function or variable may be unsafe. Consider using sscanf_s instead. To disable deprecation, use _CRT_SECURE_NO_WARNINGS. See online help for details.
C:\Users\User\Documents\Universidad\Tercero Carrera\3.2. Realidad Virtual\Practica 2\aruco-3.1.12\utils_dcf\aruco_dcf_markermap.cpp(186,36): warning C4244: '=': conversión de '_Tp' a 'float'; posible pérdida de datos
          with
          [
              _Tp=double
          ]
  aruco_dcf_mm.vcxproj -> C:\Users\User\Documents\Universidad\Tercero Carrera\3.2. Realidad Virtual\Practica 2\aruco-3.1.12\build\bin\Release\aruco_dcf_mm.exe
