  Building Custom Rule C:/Users/User/Documents/Universidad/Tercero Carrera/3.2. Realidad Virtual/Practica 2/opencv-4.5.0/modules/gapi/CMakeLists.txt
  opencv_gapi_pch.cpp
  gorigin.cpp
  gmat.cpp
  garray.cpp
  gopaque.cpp
  gscalar.cpp
  gframe.cpp
  gkernel.cpp
  gbackend.cpp
  gproto.cpp
  gnode.cpp
  gcall.cpp
  gcomputation.cpp
  operators.cpp
  kernels_core.cpp
  kernels_imgproc.cpp
  kernels_video.cpp
  kernels_nnparsers.cpp
  render.cpp
  render_ocv.cpp
  ginfer.cpp
  ft_render.cpp
  media.cpp
  rmat.cpp
  gmodel.cpp
  gmodelbuilder.cpp
  gislandmodel.cpp
  gcompiler.cpp
  gcompiled.cpp
  gstreaming.cpp
  helpers.cpp
  dump_dot.cpp
  islands.cpp
  meta.cpp
  kernels.cpp
  exec.cpp
  transformations.cpp
  pattern_matching.cpp
  perform_substitution.cpp
  streaming.cpp
  gexecutor.cpp
  gstreamingexecutor.cpp
  gasync.cpp
  gcpubackend.cpp
  gcpukernel.cpp
  gcpuimgproc.cpp
  gcpuvideo.cpp
  gcpucore.cpp
  gnnparsers.cpp
  gfluidbuffer.cpp
  gfluidbackend.cpp
  gfluidimgproc.cpp
  gfluidimgproc_func.dispatch.cpp
  gfluidcore.cpp
  goclbackend.cpp
  goclkernel.cpp
  goclimgproc.cpp
  goclcore.cpp
  giebackend.cpp
  giewrapper.cpp
  grenderocvbackend.cpp
  grenderocv.cpp
  gplaidmlcore.cpp
  gplaidmlbackend.cpp
  gcompoundbackend.cpp
  gcompoundkernel.cpp
  s11n.cpp
  serialization.cpp
  opencv_gapi_main.cpp
     Creando biblioteca C:/Users/User/Documents/Universidad/Tercero Carrera/3.2. Realidad Virtual/Practica 2/opencv-4.5.0/build/lib/Release/opencv_gapi450.lib y objeto C:/Users/User/Documents/Universidad/Tercero Carrera/3.2. Realidad Virtual/Practica 2/opencv-4.5.0/build/lib/Release/opencv_gapi450.exp
  opencv_gapi.vcxproj -> C:\Users\User\Documents\Universidad\Tercero Carrera\3.2. Realidad Virtual\Practica 2\opencv-4.5.0\build\bin\Release\opencv_gapi450.dll
