  Processing OpenCL kernels (imgproc)
  Building Custom Rule C:/Users/User/Documents/Universidad/Tercero Carrera/3.2. Realidad Virtual/Practica 2/opencv-4.5.0/modules/imgproc/CMakeLists.txt
  opencv_imgproc_pch.cpp
  accum.cpp
  accum.dispatch.cpp
  approx.cpp
  bilateral_filter.dispatch.cpp
  blend.cpp
  box_filter.dispatch.cpp
  canny.cpp
  clahe.cpp
  color.cpp
  color_hsv.dispatch.cpp
  color_lab.cpp
  color_rgb.dispatch.cpp
  color_yuv.dispatch.cpp
  colormap.cpp
  connectedcomponents.cpp
  contours.cpp
  convhull.cpp
  corner.cpp
  cornersubpix.cpp
  demosaicing.cpp
  deriv.cpp
  distransform.cpp
  drawing.cpp
  emd.cpp
  featureselect.cpp
  filter.dispatch.cpp
  floodfill.cpp
  gabor.cpp
  generalized_hough.cpp
  geometry.cpp
  grabcut.cpp
  hershey_fonts.cpp
  histogram.cpp
  hough.cpp
  imgwarp.cpp
  intersection.cpp
  linefit.cpp
  lsd.cpp
  main.cpp
  matchcontours.cpp
  median_blur.dispatch.cpp
  min_enclosing_triangle.cpp
  moments.cpp
  morph.dispatch.cpp
  phasecorr.cpp
  pyramids.cpp
  resize.cpp
  rotcalipers.cpp
  samplers.cpp
  segmentation.cpp
  shapedescr.cpp
  smooth.dispatch.cpp
  spatialgradient.cpp
  subdivision2d.cpp
  sumpixels.dispatch.cpp
  tables.cpp
  templmatch.cpp
  thresh.cpp
  utils.cpp
  opencl_kernels_imgproc.cpp
  opencv_imgproc_main.cpp
     Creando biblioteca C:/Users/User/Documents/Universidad/Tercero Carrera/3.2. Realidad Virtual/Practica 2/opencv-4.5.0/build/lib/Release/opencv_imgproc450.lib y objeto C:/Users/User/Documents/Universidad/Tercero Carrera/3.2. Realidad Virtual/Practica 2/opencv-4.5.0/build/lib/Release/opencv_imgproc450.exp
  opencv_imgproc.vcxproj -> C:\Users\User\Documents\Universidad\Tercero Carrera\3.2. Realidad Virtual\Practica 2\opencv-4.5.0\build\bin\Release\opencv_imgproc450.dll
