  Processing OpenCL kernels (core)
  Building Custom Rule C:/Users/User/Documents/Universidad/Tercero Carrera/3.2. Realidad Virtual/Practica 2/opencv-4.5.0/modules/core/CMakeLists.txt
  opencv_core_pch.cpp
  algorithm.cpp
  arithm.cpp
  arithm.dispatch.cpp
  array.cpp
  async.cpp
  batch_distance.cpp
  bindings_utils.cpp
  buffer_area.cpp
  channels.cpp
  check.cpp
  command_line_parser.cpp
  conjugate_gradient.cpp
  convert.dispatch.cpp
  convert_c.cpp
  convert_scale.dispatch.cpp
  copy.cpp
  count_non_zero.dispatch.cpp
  cuda_gpu_mat.cpp
  cuda_host_mem.cpp
  cuda_info.cpp
  cuda_stream.cpp
  datastructs.cpp
  directx.cpp
  dxt.cpp
  downhill_simplex.cpp
  gl_core_3_1.cpp
  glob.cpp
  hal_internal.cpp
  kmeans.cpp
  lapack.cpp
  lda.cpp
  logger.cpp
  lpsolver.cpp
  lut.cpp
  mathfuncs.cpp
  mathfuncs_core.dispatch.cpp
  matmul.dispatch.cpp
  matrix.cpp
  matrix_c.cpp
  matrix_decomp.cpp
  matrix_expressions.cpp
  matrix_iterator.cpp
  matrix_operations.cpp
  matrix_sparse.cpp
  matrix_wrap.cpp
  mean.dispatch.cpp
  merge.dispatch.cpp
  minmax.cpp
  norm.cpp
  ocl.cpp
  opencl_clamdblas.cpp
  opencl_clamdfft.cpp
  opencl_core.cpp
  opengl.cpp
  out.cpp
  ovx.cpp
  parallel.cpp
  parallel_impl.cpp
  pca.cpp
  persistence.cpp
  persistence_json.cpp
  persistence_types.cpp
  persistence_xml.cpp
  persistence_yml.cpp
  rand.cpp
  softfloat.cpp
  split.dispatch.cpp
  stat.dispatch.cpp
  stat_c.cpp
  stl.cpp
  sum.dispatch.cpp
  system.cpp
  tables.cpp
  trace.cpp
  types.cpp
  umatrix.cpp
  datafile.cpp
  filesystem.cpp
  logtagconfigparser.cpp
  logtagmanager.cpp
  samples.cpp
  va_intel.cpp
  opencl_kernels_core.cpp
  alloc.cpp
     Creando biblioteca C:/Users/User/Documents/Universidad/Tercero Carrera/3.2. Realidad Virtual/Practica 2/opencv-4.5.0/build/lib/Release/opencv_core450.lib y objeto C:/Users/User/Documents/Universidad/Tercero Carrera/3.2. Realidad Virtual/Practica 2/opencv-4.5.0/build/lib/Release/opencv_core450.exp
  opencv_core.vcxproj -> C:\Users\User\Documents\Universidad\Tercero Carrera\3.2. Realidad Virtual\Practica 2\opencv-4.5.0\build\bin\Release\opencv_core450.dll
